<?xml version="1.0" encoding="UTF-8"?>
<!-- Generated by org.testng.reporters.JUnitReportReporter -->
<testsuite hostname="Satya-Laptop" failures="0" tests="6" name="testCases.TC003_LoginDDT" time="64.866" errors="0" timestamp="2024-10-05T22:00:04 IST" skipped="0">
  <testcase classname="testCases.TC003_LoginDDT" name="verify_loginDDT" time="6.227"/>
  <testcase classname="testCases.TC003_LoginDDT" name="verify_loginDDT" time="8.093"/>
  <testcase classname="testCases.TC003_LoginDDT" name="verify_loginDDT" time="3.912"/>
  <testcase classname="testCases.TC003_LoginDDT" name="verify_loginDDT" time="3.881"/>
  <testcase classname="testCases.TC003_LoginDDT" name="verify_loginDDT" time="21.418"/>
  <testcase classname="testCases.TC003_LoginDDT" name="verify_loginDDT" time="21.335"/>
</testsuite> <!-- testCases.TC003_LoginDDT -->
