<?xml version="1.0" encoding="UTF-8"?>
<!-- Generated by org.testng.reporters.JUnitReportReporter -->
<testsuite hostname="Satya-Laptop" failures="0" tests="1" name="testCases.TC001_AccountRegistrationTest" time="2.280" errors="0" timestamp="2024-10-09T06:43:20 IST" skipped="0">
  <testcase classname="testCases.TC001_AccountRegistrationTest" name="verify_account_registration" time="2.280"/>
</testsuite> <!-- testCases.TC001_AccountRegistrationTest -->
